This is pdfTeX, Version 3.14159265-2.6-1.40.16 (MiKTeX 2.9 64-bit) (preloaded format=pdflatex 2016.2.23)  1 MAR 2016 13:35
entering extended mode
**./CodigoCriptografia.tex
(CodigoCriptografia.tex
LaTeX2e <2015/10/01> patch level 2
Babel <3.9n> and hyphenation patterns for 69 languages loaded.

("C:\Users\Jos√© Carlos\AppData\Local\Programs\MiKTeX 2.9\tex\latex\base\book.c
ls"
Document Class: book 2014/09/29 v1.4h Standard LaTeX document class

("C:\Users\Jos√© Carlos\AppData\Local\Programs\MiKTeX 2.9\tex\latex\base\bk10.c
lo"
File: bk10.clo 2014/09/29 v1.4h Standard LaTeX file (size option)
)
\c@part=\count79
\c@chapter=\count80
\c@section=\count81
\c@subsection=\count82
\c@subsubsection=\count83
\c@paragraph=\count84
\c@subparagraph=\count85
\c@figure=\count86
\c@table=\count87
\abovecaptionskip=\skip41
\belowcaptionskip=\skip42
\bibindent=\dimen102
)
("C:\Users\Jos√© Carlos\AppData\Local\Programs\MiKTeX 2.9\tex\latex\base\fonten
c.sty"
Package: fontenc 2005/09/27 v1.99g Standard LaTeX package

("C:\Users\Jos√© Carlos\AppData\Local\Programs\MiKTeX 2.9\tex\latex\base\t1enc.
def"
File: t1enc.def 2005/09/27 v1.99g Standard LaTeX file
LaTeX Font Info:    Redeclaring font encoding T1 on input line 48.
))
("C:\Users\Jos√© Carlos\AppData\Local\Programs\MiKTeX 2.9\tex\latex\base\inpute
nc.sty"
Package: inputenc 2015/03/17 v1.2c Input encoding file
\inpenc@prehook=\toks14
\inpenc@posthook=\toks15

("C:\Users\Jos√© Carlos\AppData\Local\Programs\MiKTeX 2.9\tex\latex\base\utf8.d
ef"
File: utf8.def 2015/09/07 v1.1p UTF-8 support for inputenc
Now handling font encoding OML ...
... no UTF-8 mapping file for font encoding OML
Now handling font encoding T1 ...
... processing UTF-8 mapping file for font encoding T1

("C:\Users\Jos√© Carlos\AppData\Local\Programs\MiKTeX 2.9\tex\latex\base\t1enc.
dfu"
File: t1enc.dfu 2015/09/07 v1.1p UTF-8 support for inputenc
   defining Unicode char U+00A0 (decimal 160)
   defining Unicode char U+00A1 (decimal 161)
   defining Unicode char U+00A3 (decimal 163)
   defining Unicode char U+00AB (decimal 171)
   defining Unicode char U+00AD (decimal 173)
   defining Unicode char U+00BB (decimal 187)
   defining Unicode char U+00BF (decimal 191)
   defining Unicode char U+00C0 (decimal 192)
   defining Unicode char U+00C1 (decimal 193)
   defining Unicode char U+00C2 (decimal 194)
   defining Unicode char U+00C3 (decimal 195)
   defining Unicode char U+00C4 (decimal 196)
   defining Unicode char U+00C5 (decimal 197)
   defining Unicode char U+00C6 (decimal 198)
   defining Unicode char U+00C7 (decimal 199)
   defining Unicode char U+00C8 (decimal 200)
   defining Unicode char U+00C9 (decimal 201)
   defining Unicode char U+00CA (decimal 202)
   defining Unicode char U+00CB (decimal 203)
   defining Unicode char U+00CC (decimal 204)
   defining Unicode char U+00CD (decimal 205)
   defining Unicode char U+00CE (decimal 206)
   defining Unicode char U+00CF (decimal 207)
   defining Unicode char U+00D0 (decimal 208)
   defining Unicode char U+00D1 (decimal 209)
   defining Unicode char U+00D2 (decimal 210)
   defining Unicode char U+00D3 (decimal 211)
   defining Unicode char U+00D4 (decimal 212)
   defining Unicode char U+00D5 (decimal 213)
   defining Unicode char U+00D6 (decimal 214)
   defining Unicode char U+00D8 (decimal 216)
   defining Unicode char U+00D9 (decimal 217)
   defining Unicode char U+00DA (decimal 218)
   defining Unicode char U+00DB (decimal 219)
   defining Unicode char U+00DC (decimal 220)
   defining Unicode char U+00DD (decimal 221)
   defining Unicode char U+00DE (decimal 222)
   defining Unicode char U+00DF (decimal 223)
   defining Unicode char U+00E0 (decimal 224)
   defining Unicode char U+00E1 (decimal 225)
   defining Unicode char U+00E2 (decimal 226)
   defining Unicode char U+00E3 (decimal 227)
   defining Unicode char U+00E4 (decimal 228)
   defining Unicode char U+00E5 (decimal 229)
   defining Unicode char U+00E6 (decimal 230)
   defining Unicode char U+00E7 (decimal 231)
   defining Unicode char U+00E8 (decimal 232)
   defining Unicode char U+00E9 (decimal 233)
   defining Unicode char U+00EA (decimal 234)
   defining Unicode char U+00EB (decimal 235)
   defining Unicode char U+00EC (decimal 236)
   defining Unicode char U+00ED (decimal 237)
   defining Unicode char U+00EE (decimal 238)
   defining Unicode char U+00EF (decimal 239)
   defining Unicode char U+00F0 (decimal 240)
   defining Unicode char U+00F1 (decimal 241)
   defining Unicode char U+00F2 (decimal 242)
   defining Unicode char U+00F3 (decimal 243)
   defining Unicode char U+00F4 (decimal 244)
   defining Unicode char U+00F5 (decimal 245)
   defining Unicode char U+00F6 (decimal 246)
   defining Unicode char U+00F8 (decimal 248)
   defining Unicode char U+00F9 (decimal 249)
   defining Unicode char U+00FA (decimal 250)
   defining Unicode char U+00FB (decimal 251)
   defining Unicode char U+00FC (decimal 252)
   defining Unicode char U+00FD (decimal 253)
   defining Unicode char U+00FE (decimal 254)
   defining Unicode char U+00FF (decimal 255)
   defining Unicode char U+0102 (decimal 258)
   defining Unicode char U+0103 (decimal 259)
   defining Unicode char U+0104 (decimal 260)
   defining Unicode char U+0105 (decimal 261)
   defining Unicode char U+0106 (decimal 262)
   defining Unicode char U+0107 (decimal 263)
   defining Unicode char U+010C (decimal 268)
   defining Unicode char U+010D (decimal 269)
   defining Unicode char U+010E (decimal 270)
   defining Unicode char U+010F (decimal 271)
   defining Unicode char U+0110 (decimal 272)
   defining Unicode char U+0111 (decimal 273)
   defining Unicode char U+0118 (decimal 280)
   defining Unicode char U+0119 (decimal 281)
   defining Unicode char U+011A (decimal 282)
   defining Unicode char U+011B (decimal 283)
   defining Unicode char U+011E (decimal 286)
   defining Unicode char U+011F (decimal 287)
   defining Unicode char U+0130 (decimal 304)
   defining Unicode char U+0131 (decimal 305)
   defining Unicode char U+0132 (decimal 306)
   defining Unicode char U+0133 (decimal 307)
   defining Unicode char U+0139 (decimal 313)
   defining Unicode char U+013A (decimal 314)
   defining Unicode char U+013D (decimal 317)
   defining Unicode char U+013E (decimal 318)
   defining Unicode char U+0141 (decimal 321)
   defining Unicode char U+0142 (decimal 322)
   defining Unicode char U+0143 (decimal 323)
   defining Unicode char U+0144 (decimal 324)
   defining Unicode char U+0147 (decimal 327)
   defining Unicode char U+0148 (decimal 328)
   defining Unicode char U+014A (decimal 330)
   defining Unicode char U+014B (decimal 331)
   defining Unicode char U+0150 (decimal 336)
   defining Unicode char U+0151 (decimal 337)
   defining Unicode char U+0152 (decimal 338)
   defining Unicode char U+0153 (decimal 339)
   defining Unicode char U+0154 (decimal 340)
   defining Unicode char U+0155 (decimal 341)
   defining Unicode char U+0158 (decimal 344)
   defining Unicode char U+0159 (decimal 345)
   defining Unicode char U+015A (decimal 346)
   defining Unicode char U+015B (decimal 347)
   defining Unicode char U+015E (decimal 350)
   defining Unicode char U+015F (decimal 351)
   defining Unicode char U+0160 (decimal 352)
   defining Unicode char U+0161 (decimal 353)
   defining Unicode char U+0162 (decimal 354)
   defining Unicode char U+0163 (decimal 355)
   defining Unicode char U+0164 (decimal 356)
   defining Unicode char U+0165 (decimal 357)
   defining Unicode char U+016E (decimal 366)
   defining Unicode char U+016F (decimal 367)
   defining Unicode char U+0170 (decimal 368)
   defining Unicode char U+0171 (decimal 369)
   defining Unicode char U+0174 (decimal 372)
   defining Unicode char U+0175 (decimal 373)
   defining Unicode char U+0176 (decimal 374)
   defining Unicode char U+0177 (decimal 375)
   defining Unicode char U+0178 (decimal 376)
   defining Unicode char U+0179 (decimal 377)
   defining Unicode char U+017A (decimal 378)
   defining Unicode char U+017B (decimal 379)
   defining Unicode char U+017C (decimal 380)
   defining Unicode char U+017D (decimal 381)
   defining Unicode char U+017E (decimal 382)
   defining Unicode char U+0218 (decimal 536)
   defining Unicode char U+0219 (decimal 537)
   defining Unicode char U+021A (decimal 538)
   defining Unicode char U+021B (decimal 539)
   defining Unicode char U+200C (decimal 8204)
   defining Unicode char U+2013 (decimal 8211)
   defining Unicode char U+2014 (decimal 8212)
   defining Unicode char U+2018 (decimal 8216)
   defining Unicode char U+2019 (decimal 8217)
   defining Unicode char U+201A (decimal 8218)
   defining Unicode char U+201C (decimal 8220)
   defining Unicode char U+201D (decimal 8221)
   defining Unicode char U+201E (decimal 8222)
   defining Unicode char U+2030 (decimal 8240)
   defining Unicode char U+2031 (decimal 8241)
   defining Unicode char U+2039 (decimal 8249)
   defining Unicode char U+203A (decimal 8250)
   defining Unicode char U+2423 (decimal 9251)
)
Now handling font encoding OT1 ...
... processing UTF-8 mapping file for font encoding OT1

("C:\Users\Jos√© Carlos\AppData\Local\Programs\MiKTeX 2.9\tex\latex\base\ot1enc
.dfu"
File: ot1enc.dfu 2015/09/07 v1.1p UTF-8 support for inputenc
   defining Unicode char U+00A0 (decimal 160)
   defining Unicode char U+00A1 (decimal 161)
   defining Unicode char U+00A3 (decimal 163)
   defining Unicode char U+00AD (decimal 173)
   defining Unicode char U+00B8 (decimal 184)
   defining Unicode char U+00BF (decimal 191)
   defining Unicode char U+00C5 (decimal 197)
   defining Unicode char U+00C6 (decimal 198)
   defining Unicode char U+00D8 (decimal 216)
   defining Unicode char U+00DF (decimal 223)
   defining Unicode char U+00E6 (decimal 230)
   defining Unicode char U+00EC (decimal 236)
   defining Unicode char U+00ED (decimal 237)
   defining Unicode char U+00EE (decimal 238)
   defining Unicode char U+00EF (decimal 239)
   defining Unicode char U+00F8 (decimal 248)
   defining Unicode char U+0131 (decimal 305)
   defining Unicode char U+0141 (decimal 321)
   defining Unicode char U+0142 (decimal 322)
   defining Unicode char U+0152 (decimal 338)
   defining Unicode char U+0153 (decimal 339)
   defining Unicode char U+0174 (decimal 372)
   defining Unicode char U+0175 (decimal 373)
   defining Unicode char U+0176 (decimal 374)
   defining Unicode char U+0177 (decimal 375)
   defining Unicode char U+0218 (decimal 536)
   defining Unicode char U+0219 (decimal 537)
   defining Unicode char U+021A (decimal 538)
   defining Unicode char U+021B (decimal 539)
   defining Unicode char U+2013 (decimal 8211)
   defining Unicode char U+2014 (decimal 8212)
   defining Unicode char U+2018 (decimal 8216)
   defining Unicode char U+2019 (decimal 8217)
   defining Unicode char U+201C (decimal 8220)
   defining Unicode char U+201D (decimal 8221)
)
Now handling font encoding OMS ...
... processing UTF-8 mapping file for font encoding OMS

("C:\Users\Jos√© Carlos\AppData\Local\Programs\MiKTeX 2.9\tex\latex\base\omsenc
.dfu"
File: omsenc.dfu 2015/09/07 v1.1p UTF-8 support for inputenc
   defining Unicode char U+00A7 (decimal 167)
   defining Unicode char U+00B6 (decimal 182)
   defining Unicode char U+00B7 (decimal 183)
   defining Unicode char U+2020 (decimal 8224)
   defining Unicode char U+2021 (decimal 8225)
   defining Unicode char U+2022 (decimal 8226)
)
Now handling font encoding OMX ...
... no UTF-8 mapping file for font encoding OMX
Now handling font encoding U ...
... no UTF-8 mapping file for font encoding U
   defining Unicode char U+00A9 (decimal 169)
   defining Unicode char U+00AA (decimal 170)
   defining Unicode char U+00AE (decimal 174)
   defining Unicode char U+00BA (decimal 186)
   defining Unicode char U+02C6 (decimal 710)
   defining Unicode char U+02DC (decimal 732)
   defining Unicode char U+200C (decimal 8204)
   defining Unicode char U+2026 (decimal 8230)
   defining Unicode char U+2122 (decimal 8482)
   defining Unicode char U+2423 (decimal 9251)
))
("C:\Users\Jos√© Carlos\AppData\Local\Programs\MiKTeX 2.9\tex\latex\lm\lmodern.
sty"
Package: lmodern 2009/10/30 v1.6 Latin Modern Fonts
LaTeX Font Info:    Overwriting symbol font `operators' in version `normal'
(Font)                  OT1/cmr/m/n --> OT1/lmr/m/n on input line 22.
LaTeX Font Info:    Overwriting symbol font `letters' in version `normal'
(Font)                  OML/cmm/m/it --> OML/lmm/m/it on input line 23.
LaTeX Font Info:    Overwriting symbol font `symbols' in version `normal'
(Font)                  OMS/cmsy/m/n --> OMS/lmsy/m/n on input line 24.
LaTeX Font Info:    Overwriting symbol font `largesymbols' in version `normal'
(Font)                  OMX/cmex/m/n --> OMX/lmex/m/n on input line 25.
LaTeX Font Info:    Overwriting symbol font `operators' in version `bold'
(Font)                  OT1/cmr/bx/n --> OT1/lmr/bx/n on input line 26.
LaTeX Font Info:    Overwriting symbol font `letters' in version `bold'
(Font)                  OML/cmm/b/it --> OML/lmm/b/it on input line 27.
LaTeX Font Info:    Overwriting symbol font `symbols' in version `bold'
(Font)                  OMS/cmsy/b/n --> OMS/lmsy/b/n on input line 28.
LaTeX Font Info:    Overwriting symbol font `largesymbols' in version `bold'
(Font)                  OMX/cmex/m/n --> OMX/lmex/m/n on input line 29.
LaTeX Font Info:    Overwriting math alphabet `\mathbf' in version `normal'
(Font)                  OT1/cmr/bx/n --> OT1/lmr/bx/n on input line 31.
LaTeX Font Info:    Overwriting math alphabet `\mathsf' in version `normal'
(Font)                  OT1/cmss/m/n --> OT1/lmss/m/n on input line 32.
LaTeX Font Info:    Overwriting math alphabet `\mathit' in version `normal'
(Font)                  OT1/cmr/m/it --> OT1/lmr/m/it on input line 33.
LaTeX Font Info:    Overwriting math alphabet `\mathtt' in version `normal'
(Font)                  OT1/cmtt/m/n --> OT1/lmtt/m/n on input line 34.
LaTeX Font Info:    Overwriting math alphabet `\mathbf' in version `bold'
(Font)                  OT1/cmr/bx/n --> OT1/lmr/bx/n on input line 35.
LaTeX Font Info:    Overwriting math alphabet `\mathsf' in version `bold'
(Font)                  OT1/cmss/bx/n --> OT1/lmss/bx/n on input line 36.
LaTeX Font Info:    Overwriting math alphabet `\mathit' in version `bold'
(Font)                  OT1/cmr/bx/it --> OT1/lmr/bx/it on input line 37.
LaTeX Font Info:    Overwriting math alphabet `\mathtt' in version `bold'
(Font)                  OT1/cmtt/m/n --> OT1/lmtt/m/n on input line 38.
)
("C:\Users\Jos√© Carlos\AppData\Local\Programs\MiKTeX 2.9\tex\latex\geometry\ge
ometry.sty"
Package: geometry 2010/09/12 v5.6 Page Geometry

("C:\Users\Jos√© Carlos\AppData\Local\Programs\MiKTeX 2.9\tex\latex\graphics\ke
yval.sty"
Package: keyval 2014/10/28 v1.15 key=value parser (DPC)
\KV@toks@=\toks16
)
("C:\Users\Jos√© Carlos\AppData\Local\Programs\MiKTeX 2.9\tex\generic\oberdiek\
ifpdf.sty"
Package: ifpdf 2011/01/30 v2.3 Provides the ifpdf switch (HO)
Package ifpdf Info: pdfTeX in PDF mode is detected.
)
("C:\Users\Jos√© Carlos\AppData\Local\Programs\MiKTeX 2.9\tex\generic\oberdiek\
ifvtex.sty"
Package: ifvtex 2010/03/01 v1.5 Detect VTeX and its facilities (HO)
Package ifvtex Info: VTeX not detected.
)
("C:\Users\Jos√© Carlos\AppData\Local\Programs\MiKTeX 2.9\tex\generic\ifxetex\i
fxetex.sty"
Package: ifxetex 2010/09/12 v0.6 Provides ifxetex conditional
)
\Gm@cnth=\count88
\Gm@cntv=\count89
\c@Gm@tempcnt=\count90
\Gm@bindingoffset=\dimen103
\Gm@wd@mp=\dimen104
\Gm@odd@mp=\dimen105
\Gm@even@mp=\dimen106
\Gm@layoutwidth=\dimen107
\Gm@layoutheight=\dimen108
\Gm@layouthoffset=\dimen109
\Gm@layoutvoffset=\dimen110
\Gm@dimlist=\toks17

("C:\Users\Jos√© Carlos\AppData\Local\Programs\MiKTeX 2.9\tex\latex\geometry\ge
ometry.cfg"))
("C:\Users\Jos√© Carlos\AppData\Local\Programs\MiKTeX 2.9\tex\latex\amsfonts\am
sfonts.sty"
Package: amsfonts 2013/01/14 v3.01 Basic AMSFonts support
\@emptytoks=\toks18
\symAMSa=\mathgroup4
\symAMSb=\mathgroup5
LaTeX Font Info:    Overwriting math alphabet `\mathfrak' in version `bold'
(Font)                  U/euf/m/n --> U/euf/b/n on input line 106.
)
("C:\Users\Jos√© Carlos\AppData\Local\Programs\MiKTeX 2.9\tex\latex\amsmath\ams
math.sty"
Package: amsmath 2013/01/14 v2.14 AMS math features
\@mathmargin=\skip43

For additional information on amsmath, use the `?' option.

("C:\Users\Jos√© Carlos\AppData\Local\Programs\MiKTeX 2.9\tex\latex\amsmath\ams
text.sty"
Package: amstext 2000/06/29 v2.01

("C:\Users\Jos√© Carlos\AppData\Local\Programs\MiKTeX 2.9\tex\latex\amsmath\ams
gen.sty"
File: amsgen.sty 1999/11/30 v2.0
\@emptytoks=\toks19
\ex@=\dimen111
))
("C:\Users\Jos√© Carlos\AppData\Local\Programs\MiKTeX 2.9\tex\latex\amsmath\ams
bsy.sty"
Package: amsbsy 1999/11/29 v1.2d
\pmbraise@=\dimen112
)
("C:\Users\Jos√© Carlos\AppData\Local\Programs\MiKTeX 2.9\tex\latex\amsmath\ams
opn.sty"
Package: amsopn 1999/12/14 v2.01 operator names
)
\inf@bad=\count91
LaTeX Info: Redefining \frac on input line 210.
\uproot@=\count92
\leftroot@=\count93
LaTeX Info: Redefining \overline on input line 306.
\classnum@=\count94
\DOTSCASE@=\count95
LaTeX Info: Redefining \ldots on input line 378.
LaTeX Info: Redefining \dots on input line 381.
LaTeX Info: Redefining \cdots on input line 466.
\Mathstrutbox@=\box26
\strutbox@=\box27
\big@size=\dimen113
LaTeX Font Info:    Redeclaring font encoding OML on input line 566.
LaTeX Font Info:    Redeclaring font encoding OMS on input line 567.
\macc@depth=\count96
\c@MaxMatrixCols=\count97
\dotsspace@=\muskip10
\c@parentequation=\count98
\dspbrk@lvl=\count99
\tag@help=\toks20
\row@=\count100
\column@=\count101
\maxfields@=\count102
\andhelp@=\toks21
\eqnshift@=\dimen114
\alignsep@=\dimen115
\tagshift@=\dimen116
\tagwidth@=\dimen117
\totwidth@=\dimen118
\lineht@=\dimen119
\@envbody=\toks22
\multlinegap=\skip44
\multlinetaggap=\skip45
\mathdisplay@stack=\toks23
LaTeX Info: Redefining \[ on input line 2665.
LaTeX Info: Redefining \] on input line 2666.
)
("C:\Users\Jos√© Carlos\AppData\Local\Programs\MiKTeX 2.9\tex\latex\tools\multi
col.sty"
Package: multicol 2015/08/19 v1.8n multicolumn formatting (FMi)
\c@tracingmulticols=\count103
\mult@box=\box28
\multicol@leftmargin=\dimen120
\c@unbalance=\count104
\c@collectmore=\count105
\doublecol@number=\count106
\multicoltolerance=\count107
\multicolpretolerance=\count108
\full@width=\dimen121
\page@free=\dimen122
\premulticols=\dimen123
\postmulticols=\dimen124
\multicolsep=\skip46
\multicolbaselineskip=\skip47
\partial@page=\box29
\last@line=\box30
\maxbalancingoverflow=\dimen125
\mult@rightbox=\box31
\mult@grightbox=\box32
\mult@gfirstbox=\box33
\mult@firstbox=\box34
\@tempa=\box35
\@tempa=\box36
\@tempa=\box37
\@tempa=\box38
\@tempa=\box39
\@tempa=\box40
\@tempa=\box41
\@tempa=\box42
\@tempa=\box43
\@tempa=\box44
\@tempa=\box45
\@tempa=\box46
\@tempa=\box47
\@tempa=\box48
\@tempa=\box49
\@tempa=\box50
\@tempa=\box51
\c@columnbadness=\count109
\c@finalcolumnbadness=\count110
\last@try=\dimen126
\multicolovershoot=\dimen127
\multicolundershoot=\dimen128
\mult@nat@firstbox=\box52
\colbreak@box=\box53
\mc@col@check@num=\count111
)
("C:\Users\Jos√© Carlos\AppData\Local\Programs\MiKTeX 2.9\tex\latex\cclicenses\
cclicenses.sty"
Package: cclicenses 2005/05/20 v0.4 CC licenses typesetting

("C:\Users\Jos√© Carlos\AppData\Local\Programs\MiKTeX 2.9\tex\latex\rotating\ro
tating.sty"
Package: rotating 2009/03/28 v2.16a rotated objects in LaTeX

("C:\Users\Jos√© Carlos\AppData\Local\Programs\MiKTeX 2.9\tex\latex\graphics\gr
aphicx.sty"
Package: graphicx 2014/10/28 v1.0g Enhanced LaTeX Graphics (DPC,SPQR)

("C:\Users\Jos√© Carlos\AppData\Local\Programs\MiKTeX 2.9\tex\latex\graphics\gr
aphics.sty"
Package: graphics 2014/10/28 v1.0p Standard LaTeX Graphics (DPC,SPQR)

("C:\Users\Jos√© Carlos\AppData\Local\Programs\MiKTeX 2.9\tex\latex\graphics\tr
ig.sty"
Package: trig 1999/03/16 v1.09 sin cos tan (DPC)
)
("C:\Users\Jos√© Carlos\AppData\Local\Programs\MiKTeX 2.9\tex\latex\00miktex\gr
aphics.cfg"
File: graphics.cfg 2007/01/18 v1.5 graphics configuration of teTeX/TeXLive
)
Package graphics Info: Driver file: pdftex.def on input line 94.

("C:\Users\Jos√© Carlos\AppData\Local\Programs\MiKTeX 2.9\tex\latex\pdftex-def\
pdftex.def"
File: pdftex.def 2011/05/27 v0.06d Graphics/color for pdfTeX

("C:\Users\Jos√© Carlos\AppData\Local\Programs\MiKTeX 2.9\tex\generic\oberdiek\
infwarerr.sty"
Package: infwarerr 2010/04/08 v1.3 Providing info/warning/error messages (HO)
)
("C:\Users\Jos√© Carlos\AppData\Local\Programs\MiKTeX 2.9\tex\generic\oberdiek\
ltxcmds.sty"
Package: ltxcmds 2011/11/09 v1.22 LaTeX kernel commands for general use (HO)
)
\Gread@gobject=\count112
))
\Gin@req@height=\dimen129
\Gin@req@width=\dimen130
)
("C:\Users\Jos√© Carlos\AppData\Local\Programs\MiKTeX 2.9\tex\latex\base\ifthen
.sty"
Package: ifthen 2014/09/29 v1.1c Standard LaTeX ifthen package (DPC)
)
\c@r@tfl@t=\count113
\rotFPtop=\skip48
\rotFPbot=\skip49
\rot@float@box=\box54
\rot@mess@toks=\toks24
)
\chardim=\dimen131
\hdim=\dimen132
\htmp=\dimen133
\hpos=\count114
\vpos=\count115
)
("C:\Users\Jos√© Carlos\AppData\Local\Programs\MiKTeX 2.9\tex\latex\amscls\amst
hm.sty"
Package: amsthm 2015/03/04 v2.20.2
\thm@style=\toks25
\thm@bodyfont=\toks26
\thm@headfont=\toks27
\thm@notefont=\toks28
\thm@headpunct=\toks29
\thm@preskip=\skip50
\thm@postskip=\skip51
\thm@headsep=\skip52
\dth@everypar=\toks30
)
("C:\Users\Jos√© Carlos\AppData\Local\Programs\MiKTeX 2.9\tex\generic\babel\bab
el.sty"
Package: babel 2016/01/08 3.9n The Babel package

*************************************
* Local config file bblopts.cfg used
*

("C:\Users\Jos√© Carlos\AppData\Local\Programs\MiKTeX 2.9\tex\latex\00miktex\bb
lopts.cfg"
File: bblopts.cfg 2006/07/31 v1.0 MiKTeX 'babel' configuration
)
("C:\Users\Jos√© Carlos\AppData\Local\Programs\MiKTeX 2.9\tex\latex\babel-spani
sh\spanish.ldf"
Language: spanish.ldf 2016/01/15 v5.0o Spanish support from the babel system

("C:\Users\Jos√© Carlos\AppData\Local\Programs\MiKTeX 2.9\tex\generic\babel\bab
el.def"
File: babel.def 2016/01/08 3.9n Babel common definitions
\babel@savecnt=\count116
\U@D=\dimen134
)
\es@quottoks=\toks31
\es@quotdepth=\count117
Package babel Info: Making " an active character on input line 533.
Package babel Info: Making . an active character on input line 634.
Package babel Info: Making < an active character on input line 679.
Package babel Info: Making > an active character on input line 679.
))
("C:\Users\Jos√© Carlos\AppData\Local\Programs\MiKTeX 2.9\tex\latex\hyperref\hy
perref.sty"
Package: hyperref 2012/11/06 v6.83m Hypertext links for LaTeX

("C:\Users\Jos√© Carlos\AppData\Local\Programs\MiKTeX 2.9\tex\generic\oberdiek\
hobsub-hyperref.sty"
Package: hobsub-hyperref 2012/04/25 v1.12 Bundle oberdiek, subset hyperref (HO)


("C:\Users\Jos√© Carlos\AppData\Local\Programs\MiKTeX 2.9\tex\generic\oberdiek\
hobsub-generic.sty"
Package: hobsub-generic 2012/04/25 v1.12 Bundle oberdiek, subset generic (HO)
Package: hobsub 2012/04/25 v1.12 Construct package bundles (HO)
Package hobsub Info: Skipping package `infwarerr' (already loaded).
Package hobsub Info: Skipping package `ltxcmds' (already loaded).
Package: ifluatex 2010/03/01 v1.3 Provides the ifluatex switch (HO)
Package ifluatex Info: LuaTeX not detected.
Package hobsub Info: Skipping package `ifvtex' (already loaded).
Package: intcalc 2007/09/27 v1.1 Expandable calculations with integers (HO)
Package hobsub Info: Skipping package `ifpdf' (already loaded).
Package: etexcmds 2011/02/16 v1.5 Avoid name clashes with e-TeX commands (HO)
Package etexcmds Info: Could not find \expanded.
(etexcmds)             That can mean that you are not using pdfTeX 1.50 or
(etexcmds)             that some package has redefined \expanded.
(etexcmds)             In the latter case, load this package earlier.
Package: kvsetkeys 2012/04/25 v1.16 Key value parser (HO)
Package: kvdefinekeys 2011/04/07 v1.3 Define keys (HO)
Package: pdftexcmds 2011/11/29 v0.20 Utility functions of pdfTeX for LuaTeX (HO
)
Package pdftexcmds Info: LuaTeX not detected.
Package pdftexcmds Info: \pdf@primitive is available.
Package pdftexcmds Info: \pdf@ifprimitive is available.
Package pdftexcmds Info: \pdfdraftmode found.
Package: pdfescape 2011/11/25 v1.13 Implements pdfTeX's escape features (HO)
Package: bigintcalc 2012/04/08 v1.3 Expandable calculations on big integers (HO
)
Package: bitset 2011/01/30 v1.1 Handle bit-vector datatype (HO)
Package: uniquecounter 2011/01/30 v1.2 Provide unlimited unique counter (HO)
)
Package hobsub Info: Skipping package `hobsub' (already loaded).
Package: letltxmacro 2010/09/02 v1.4 Let assignment for LaTeX macros (HO)
Package: hopatch 2011/06/24 v1.1 Wrapper for package hooks (HO)
Package: xcolor-patch 2011/01/30 xcolor patch
Package: atveryend 2011/06/30 v1.8 Hooks at the very end of document (HO)
Package atveryend Info: \enddocument detected (standard20110627).
Package: atbegshi 2011/10/05 v1.16 At begin shipout hook (HO)
Package: refcount 2011/10/16 v3.4 Data extraction from label references (HO)
Package: hycolor 2011/01/30 v1.7 Color options for hyperref/bookmark (HO)
)
("C:\Users\Jos√© Carlos\AppData\Local\Programs\MiKTeX 2.9\tex\latex\oberdiek\au
xhook.sty"
Package: auxhook 2011/03/04 v1.3 Hooks for auxiliary files (HO)
)
("C:\Users\Jos√© Carlos\AppData\Local\Programs\MiKTeX 2.9\tex\latex\oberdiek\kv
options.sty"
Package: kvoptions 2011/06/30 v3.11 Key value format for package options (HO)
)
\@linkdim=\dimen135
\Hy@linkcounter=\count118
\Hy@pagecounter=\count119

("C:\Users\Jos√© Carlos\AppData\Local\Programs\MiKTeX 2.9\tex\latex\hyperref\pd
1enc.def"
File: pd1enc.def 2012/11/06 v6.83m Hyperref: PDFDocEncoding definition (HO)
Now handling font encoding PD1 ...
... no UTF-8 mapping file for font encoding PD1
)
\Hy@SavedSpaceFactor=\count120

("C:\Users\Jos√© Carlos\AppData\Local\Programs\MiKTeX 2.9\tex\latex\00miktex\hy
perref.cfg"
File: hyperref.cfg 2002/06/06 v1.2 hyperref configuration of TeXLive
)
Package hyperref Info: Hyper figures OFF on input line 4443.
Package hyperref Info: Link nesting OFF on input line 4448.
Package hyperref Info: Hyper index ON on input line 4451.
Package hyperref Info: Plain pages OFF on input line 4458.
Package hyperref Info: Backreferencing OFF on input line 4463.
Package hyperref Info: Implicit mode ON; LaTeX internals redefined.
Package hyperref Info: Bookmarks ON on input line 4688.
\c@Hy@tempcnt=\count121

("C:\Users\Jos√© Carlos\AppData\Local\Programs\MiKTeX 2.9\tex\latex\url\url.sty
"
\Urlmuskip=\muskip11
Package: url 2013/09/16  ver 3.4  Verb mode for urls, etc.
)
LaTeX Info: Redefining \url on input line 5041.
\XeTeXLinkMargin=\dimen136
\Fld@menulength=\count122
\Field@Width=\dimen137
\Fld@charsize=\dimen138
Package hyperref Info: Hyper figures OFF on input line 6295.
Package hyperref Info: Link nesting OFF on input line 6300.
Package hyperref Info: Hyper index ON on input line 6303.
Package hyperref Info: backreferencing OFF on input line 6310.
Package hyperref Info: Link coloring OFF on input line 6315.
Package hyperref Info: Link coloring with OCG OFF on input line 6320.
Package hyperref Info: PDF/A mode OFF on input line 6325.
LaTeX Info: Redefining \ref on input line 6365.
LaTeX Info: Redefining \pageref on input line 6369.
\Hy@abspage=\count123
\c@Item=\count124
\c@Hfootnote=\count125
)

Package hyperref Message: Driver (autodetected): hpdftex.


("C:\Users\Jos√© Carlos\AppData\Local\Programs\MiKTeX 2.9\tex\latex\hyperref\hp
dftex.def"
File: hpdftex.def 2012/11/06 v6.83m Hyperref driver for pdfTeX
\Fld@listcount=\count126
\c@bookmark@seq@number=\count127

("C:\Users\Jos√© Carlos\AppData\Local\Programs\MiKTeX 2.9\tex\latex\oberdiek\re
runfilecheck.sty"
Package: rerunfilecheck 2011/04/15 v1.7 Rerun checks for auxiliary files (HO)
Package uniquecounter Info: New unique counter `rerunfilecheck' on input line 2
82.
)
\Hy@SectionHShift=\skip53
)
\c@alg=\count128
\c@mydef=\count129
\c@nota=\count130
\c@ejem=\count131
\c@obsv=\count132
\c@teorema=\count133
\c@proposi=\count134
Package hyperref Info: Option `colorlinks' set `true' on input line 36.
 (CodigoCriptografia.aux
LaTeX Info: Redefining \. on input line 23.
LaTeX Info: Redefining \% on input line 23.
)
\openout1 = `CodigoCriptografia.aux'.

LaTeX Font Info:    Checking defaults for OML/cmm/m/it on input line 40.
LaTeX Font Info:    ... okay on input line 40.
LaTeX Font Info:    Checking defaults for T1/cmr/m/n on input line 40.
LaTeX Font Info:    ... okay on input line 40.
LaTeX Font Info:    Checking defaults for OT1/cmr/m/n on input line 40.
LaTeX Font Info:    ... okay on input line 40.
LaTeX Font Info:    Checking defaults for OMS/cmsy/m/n on input line 40.
LaTeX Font Info:    ... okay on input line 40.
LaTeX Font Info:    Checking defaults for OMX/cmex/m/n on input line 40.
LaTeX Font Info:    ... okay on input line 40.
LaTeX Font Info:    Checking defaults for U/cmr/m/n on input line 40.
LaTeX Font Info:    ... okay on input line 40.
LaTeX Font Info:    Checking defaults for PD1/pdf/m/n on input line 40.
LaTeX Font Info:    ... okay on input line 40.
LaTeX Font Info:    Try loading font information for T1+lmr on input line 40.

("C:\Users\Jos√© Carlos\AppData\Local\Programs\MiKTeX 2.9\tex\latex\lm\t1lmr.fd
"
File: t1lmr.fd 2009/10/30 v1.6 Font defs for Latin Modern
)
*geometry* driver: auto-detecting
*geometry* detected driver: pdftex
*geometry* verbose mode - [ preamble ] result:
* driver: pdftex
* paper: a4paper
* layout: <same size as paper>
* layoutoffset:(h,v)=(0.0pt,0.0pt)
* modes: twoside 
* h-part:(L,W,R)=(71.70166pt, 418.25368pt, 107.55254pt)
* v-part:(T,H,B)=(101.40665pt, 591.5302pt, 152.11pt)
* \paperwidth=597.50787pt
* \paperheight=845.04684pt
* \textwidth=418.25368pt
* \textheight=591.5302pt
* \oddsidemargin=-0.56833pt
* \evensidemargin=35.28255pt
* \topmargin=-0.93083pt
* \headheight=12.0pt
* \headsep=18.06749pt
* \topskip=10.0pt
* \footskip=25.29494pt
* \marginparwidth=125.0pt
* \marginparsep=7.0pt
* \columnsep=10.0pt
* \skip\footins=9.0pt plus 4.0pt minus 2.0pt
* \hoffset=0.0pt
* \voffset=0.0pt
* \mag=1000
* \@twocolumnfalse
* \@twosidetrue
* \@mparswitchtrue
* \@reversemarginfalse
* (1in=72.27pt=25.4mm, 1cm=28.453pt)


("C:\Users\Jos√© Carlos\AppData\Local\Programs\MiKTeX 2.9\tex\context\base\supp
-pdf.mkii"
[Loading MPS to PDF converter (version 2006.09.02).]
\scratchcounter=\count135
\scratchdimen=\dimen139
\scratchbox=\box55
\nofMPsegments=\count136
\nofMParguments=\count137
\everyMPshowfont=\toks32
\MPscratchCnt=\count138
\MPscratchDim=\dimen140
\MPnumerator=\count139
\makeMPintoPDFobject=\count140
\everyMPtoPDFconversion=\toks33
)
LaTeX Info: Redefining \. on input line 40.
LaTeX Info: Redefining \% on input line 40.
\AtBeginShipoutBox=\box56

("C:\Users\Jos√© Carlos\AppData\Local\Programs\MiKTeX 2.9\tex\latex\graphics\co
lor.sty"
Package: color 2014/10/28 v1.1a Standard LaTeX Color (DPC)

("C:\Users\Jos√© Carlos\AppData\Local\Programs\MiKTeX 2.9\tex\latex\00miktex\co
lor.cfg"
File: color.cfg 2007/01/18 v1.5 color configuration of teTeX/TeXLive
)
Package color Info: Driver file: pdftex.def on input line 142.
)
Package hyperref Info: Link coloring ON on input line 40.

("C:\Users\Jos√© Carlos\AppData\Local\Programs\MiKTeX 2.9\tex\latex\hyperref\na
meref.sty"
Package: nameref 2012/10/27 v2.43 Cross-referencing by name of section

("C:\Users\Jos√© Carlos\AppData\Local\Programs\MiKTeX 2.9\tex\generic\oberdiek\
gettitlestring.sty"
Package: gettitlestring 2010/12/03 v1.4 Cleanup title references (HO)
)
\c@section@level=\count141
)
LaTeX Info: Redefining \ref on input line 40.
LaTeX Info: Redefining \pageref on input line 40.
LaTeX Info: Redefining \nameref on input line 40.
 (CodigoCriptografia.out) (CodigoCriptografia.out)
\@outlinefile=\write3
\openout3 = `CodigoCriptografia.out'.

LaTeX Font Info:    Try loading font information for OT1+lmr on input line 42.

("C:\Users\Jos√© Carlos\AppData\Local\Programs\MiKTeX 2.9\tex\latex\lm\ot1lmr.f
d"
File: ot1lmr.fd 2009/10/30 v1.6 Font defs for Latin Modern
)
LaTeX Font Info:    Try loading font information for OML+lmm on input line 42.

("C:\Users\Jos√© Carlos\AppData\Local\Programs\MiKTeX 2.9\tex\latex\lm\omllmm.f
d"
File: omllmm.fd 2009/10/30 v1.6 Font defs for Latin Modern
)
LaTeX Font Info:    Try loading font information for OMS+lmsy on input line 42.


("C:\Users\Jos√© Carlos\AppData\Local\Programs\MiKTeX 2.9\tex\latex\lm\omslmsy.
fd"
File: omslmsy.fd 2009/10/30 v1.6 Font defs for Latin Modern
)
LaTeX Font Info:    Try loading font information for OMX+lmex on input line 42.


("C:\Users\Jos√© Carlos\AppData\Local\Programs\MiKTeX 2.9\tex\latex\lm\omxlmex.
fd"
File: omxlmex.fd 2009/10/30 v1.6 Font defs for Latin Modern
)
LaTeX Font Info:    External font `lmex10' loaded for size
(Font)              <12> on input line 42.
LaTeX Font Info:    External font `lmex10' loaded for size
(Font)              <8> on input line 42.
LaTeX Font Info:    External font `lmex10' loaded for size
(Font)              <6> on input line 42.
LaTeX Font Info:    Try loading font information for U+msa on input line 42.

("C:\Users\Jos√© Carlos\AppData\Local\Programs\MiKTeX 2.9\tex\latex\amsfonts\um
sa.fd"
File: umsa.fd 2013/01/14 v3.01 AMS symbols A
)
LaTeX Font Info:    Try loading font information for U+msb on input line 42.

("C:\Users\Jos√© Carlos\AppData\Local\Programs\MiKTeX 2.9\tex\latex\amsfonts\um
sb.fd"
File: umsb.fd 2013/01/14 v3.01 AMS symbols B
) <licencia.png, id=51, 88.33pt x 31.11626pt>
File: licencia.png Graphic file (type png)
 <use licencia.png>
Package pdftex.def Info: licencia.png used on input line 42.
(pdftex.def)             Requested size: 62.73549pt x 22.10028pt.
Package babel Info: Redefining spanish shorthand <<
(babel)             in language  on input line 42.
Package babel Info: Redefining spanish shorthand >>
(babel)             in language  on input line 42.
Package babel Info: Redefining spanish shorthand "=
(babel)             in language  on input line 42.
Package babel Info: Redefining spanish shorthand "~
(babel)             in language  on input line 42.
Package babel Info: Redefining spanish shorthand "!
(babel)             in language  on input line 42.
Package babel Info: Redefining spanish shorthand "?
(babel)             in language  on input line 42.
Package babel Info: Redefining spanish shorthand <<
(babel)             in language  on input line 42.
Package babel Info: Redefining spanish shorthand >>
(babel)             in language  on input line 42.
Package babel Info: Redefining spanish shorthand "=
(babel)             in language  on input line 42.
Package babel Info: Redefining spanish shorthand "~
(babel)             in language  on input line 42.
Package babel Info: Redefining spanish shorthand "!
(babel)             in language  on input line 42.
Package babel Info: Redefining spanish shorthand "?
(babel)             in language  on input line 42.
 [1


{C:/Users/Jos√© Carlos/AppData/Local/MiKTeX/2.9/pdftex/config/pdftex.map} <./li
cencia.png>]
Package babel Info: Redefining spanish shorthand <<
(babel)             in language  on input line 42.
Package babel Info: Redefining spanish shorthand >>
(babel)             in language  on input line 42.
Package babel Info: Redefining spanish shorthand "=
(babel)             in language  on input line 42.
Package babel Info: Redefining spanish shorthand "~
(babel)             in language  on input line 42.
Package babel Info: Redefining spanish shorthand "!
(babel)             in language  on input line 42.
Package babel Info: Redefining spanish shorthand "?
(babel)             in language  on input line 42.
Package babel Info: Redefining spanish shorthand <<
(babel)             in language  on input line 42.
Package babel Info: Redefining spanish shorthand >>
(babel)             in language  on input line 42.
Package babel Info: Redefining spanish shorthand "=
(babel)             in language  on input line 42.
Package babel Info: Redefining spanish shorthand "~
(babel)             in language  on input line 42.
Package babel Info: Redefining spanish shorthand "!
(babel)             in language  on input line 42.
Package babel Info: Redefining spanish shorthand "?
(babel)             in language  on input line 42.
 [2

] (CodigoCriptografia.toc
LaTeX Info: Redefining \. on input line 1.
LaTeX Info: Redefining \% on input line 1.
LaTeX Font Info:    External font `lmex10' loaded for size
(Font)              <10> on input line 3.
LaTeX Font Info:    External font `lmex10' loaded for size
(Font)              <7> on input line 3.
LaTeX Font Info:    External font `lmex10' loaded for size
(Font)              <5> on input line 3.
)
\tf@toc=\write4
\openout4 = `CodigoCriptografia.toc'.

Package babel Info: Redefining spanish shorthand <<
(babel)             in language  on input line 45.
Package babel Info: Redefining spanish shorthand >>
(babel)             in language  on input line 45.
Package babel Info: Redefining spanish shorthand "=
(babel)             in language  on input line 45.
Package babel Info: Redefining spanish shorthand "~
(babel)             in language  on input line 45.
Package babel Info: Redefining spanish shorthand "!
(babel)             in language  on input line 45.
Package babel Info: Redefining spanish shorthand "?
(babel)             in language  on input line 45.
Package babel Info: Redefining spanish shorthand <<
(babel)             in language  on input line 45.
Package babel Info: Redefining spanish shorthand >>
(babel)             in language  on input line 45.
Package babel Info: Redefining spanish shorthand "=
(babel)             in language  on input line 45.
Package babel Info: Redefining spanish shorthand "~
(babel)             in language  on input line 45.
Package babel Info: Redefining spanish shorthand "!
(babel)             in language  on input line 45.
Package babel Info: Redefining spanish shorthand "?
(babel)             in language  on input line 45.
 [3]
LaTeX Info: Redefining \. on input line 45.
LaTeX Info: Redefining \% on input line 45.
Package babel Info: Redefining spanish shorthand <<
(babel)             in language  on input line 45.
Package babel Info: Redefining spanish shorthand >>
(babel)             in language  on input line 45.
Package babel Info: Redefining spanish shorthand "=
(babel)             in language  on input line 45.
Package babel Info: Redefining spanish shorthand "~
(babel)             in language  on input line 45.
Package babel Info: Redefining spanish shorthand "!
(babel)             in language  on input line 45.
Package babel Info: Redefining spanish shorthand "?
(babel)             in language  on input line 45.
Package babel Info: Redefining spanish shorthand <<
(babel)             in language  on input line 45.
Package babel Info: Redefining spanish shorthand >>
(babel)             in language  on input line 45.
Package babel Info: Redefining spanish shorthand "=
(babel)             in language  on input line 45.
Package babel Info: Redefining spanish shorthand "~
(babel)             in language  on input line 45.
Package babel Info: Redefining spanish shorthand "!
(babel)             in language  on input line 45.
Package babel Info: Redefining spanish shorthand "?
(babel)             in language  on input line 45.
 [4

]
Cap\'{\i }tulo 1.
Package babel Info: Redefining spanish shorthand <<
(babel)             in language  on input line 45.
Package babel Info: Redefining spanish shorthand >>
(babel)             in language  on input line 45.
Package babel Info: Redefining spanish shorthand "=
(babel)             in language  on input line 45.
Package babel Info: Redefining spanish shorthand "~
(babel)             in language  on input line 45.
Package babel Info: Redefining spanish shorthand "!
(babel)             in language  on input line 45.
Package babel Info: Redefining spanish shorthand "?
(babel)             in language  on input line 45.
Package babel Info: Redefining spanish shorthand <<
(babel)             in language  on input line 46.
Package babel Info: Redefining spanish shorthand >>
(babel)             in language  on input line 46.
Package babel Info: Redefining spanish shorthand "=
(babel)             in language  on input line 46.
Package babel Info: Redefining spanish shorthand "~
(babel)             in language  on input line 46.
Package babel Info: Redefining spanish shorthand "!
(babel)             in language  on input line 46.
Package babel Info: Redefining spanish shorthand "?
(babel)             in language  on input line 46.

Overfull \hbox (8.13445pt too wide) in paragraph at lines 83--84
[][]\T1/lmr/bx/n/10 Algoritmo 1 \T1/lmr/m/n/10 (Al-go-rit-mo de Eu-cli-des)\T1/
lmr/bx/n/10 . []\T1/lmr/m/it/10 Se de-fi-ne el \T1/lmr/bx/it/10 al-go-rit-mo de
 Eu-cli-des \T1/lmr/m/it/10 pa-ra cal-cu-lar\T1/lmr/bx/it/10 m·ximo
 []

Package babel Info: Redefining spanish shorthand <<
(babel)             in language  on input line 92.
Package babel Info: Redefining spanish shorthand >>
(babel)             in language  on input line 92.
Package babel Info: Redefining spanish shorthand "=
(babel)             in language  on input line 92.
Package babel Info: Redefining spanish shorthand "~
(babel)             in language  on input line 92.
Package babel Info: Redefining spanish shorthand "!
(babel)             in language  on input line 92.
Package babel Info: Redefining spanish shorthand "?
(babel)             in language  on input line 92.
Package babel Info: Redefining spanish shorthand <<
(babel)             in language  on input line 92.
Package babel Info: Redefining spanish shorthand >>
(babel)             in language  on input line 92.
Package babel Info: Redefining spanish shorthand "=
(babel)             in language  on input line 92.
Package babel Info: Redefining spanish shorthand "~
(babel)             in language  on input line 92.
Package babel Info: Redefining spanish shorthand "!
(babel)             in language  on input line 92.
Package babel Info: Redefining spanish shorthand "?
(babel)             in language  on input line 92.
[5]pdfTeX warning (ext4): destination with the same identifier (name{equation.1
.1.1}) has been already used, duplicate ignored
<to be read again> 
                   \relax 
l.94 	\begin{eqnarray}
                      pdfTeX warning (ext4): destination with the same identifi
er (name{equation.1.1.1}) has been already used, duplicate ignored
<to be read again> 
                   \relax 
l.94 	\begin{eqnarray}
                      pdfTeX warning (ext4): destination with the same identifi
er (name{equation.1.1.1}) has been already used, duplicate ignored
<to be read again> 
                   \relax 
l.94 	\begin{eqnarray}
                      pdfTeX warning (ext4): destination with the same identifi
er (name{equation.1.1.1}) has been already used, duplicate ignored
<to be read again> 
                   \relax 
l.94 	\begin{eqnarray}
                      pdfTeX warning (ext4): destination with the same identifi
er (name{equation.1.1.1}) has been already used, duplicate ignored
<to be read again> 
                   \relax 
l.111 	\begin{eqnarray}
                       pdfTeX warning (ext4): destination with the same identif
ier (name{equation.1.1.1}) has been already used, duplicate ignored
<to be read again> 
                   \relax 
l.111 	\begin{eqnarray}
                       pdfTeX warning (ext4): destination with the same identif
ier (name{equation.1.1.1}) has been already used, duplicate ignored
<to be read again> 
                   \relax 
l.111 	\begin{eqnarray}
                       pdfTeX warning (ext4): destination with the same identif
ier (name{equation.1.1.1}) has been already used, duplicate ignored
<to be read again> 
                   \relax 
l.111 	\begin{eqnarray}
                       
Underfull \hbox (badness 10000) in paragraph at lines 120--123

 []

LaTeX Info: Redefining \. on input line 131.
LaTeX Info: Redefining \% on input line 131.
Package babel Info: Redefining spanish shorthand <<
(babel)             in language  on input line 131.
Package babel Info: Redefining spanish shorthand >>
(babel)             in language  on input line 131.
Package babel Info: Redefining spanish shorthand "=
(babel)             in language  on input line 131.
Package babel Info: Redefining spanish shorthand "~
(babel)             in language  on input line 131.
Package babel Info: Redefining spanish shorthand "!
(babel)             in language  on input line 131.
Package babel Info: Redefining spanish shorthand "?
(babel)             in language  on input line 131.
Package babel Info: Redefining spanish shorthand <<
(babel)             in language  on input line 131.
Package babel Info: Redefining spanish shorthand >>
(babel)             in language  on input line 131.
Package babel Info: Redefining spanish shorthand "=
(babel)             in language  on input line 131.
Package babel Info: Redefining spanish shorthand "~
(babel)             in language  on input line 131.
Package babel Info: Redefining spanish shorthand "!
(babel)             in language  on input line 131.
Package babel Info: Redefining spanish shorthand "?
(babel)             in language  on input line 131.
[6pdfTeX warning (ext4): destination with the same identifier (name{equation.1.
1.1}) has been already used, duplicate ignored

\AtBegShi@Output ...ipout \box \AtBeginShipoutBox 
                                                  \fi \fi 
l.131 \chapter
              {C√≥digos autocorrectores}]
Cap\'{\i }tulo 2.
Package babel Info: Redefining spanish shorthand <<
(babel)             in language  on input line 131.
Package babel Info: Redefining spanish shorthand >>
(babel)             in language  on input line 131.
Package babel Info: Redefining spanish shorthand "=
(babel)             in language  on input line 131.
Package babel Info: Redefining spanish shorthand "~
(babel)             in language  on input line 131.
Package babel Info: Redefining spanish shorthand "!
(babel)             in language  on input line 131.
Package babel Info: Redefining spanish shorthand "?
(babel)             in language  on input line 131.
Package babel Info: Redefining spanish shorthand <<
(babel)             in language  on input line 132.
Package babel Info: Redefining spanish shorthand >>
(babel)             in language  on input line 132.
Package babel Info: Redefining spanish shorthand "=
(babel)             in language  on input line 132.
Package babel Info: Redefining spanish shorthand "~
(babel)             in language  on input line 132.
Package babel Info: Redefining spanish shorthand "!
(babel)             in language  on input line 132.
Package babel Info: Redefining spanish shorthand "?
(babel)             in language  on input line 132.

LaTeX Warning: Command \' invalid in math mode on input line 187.

Package babel Info: Redefining spanish shorthand <<
(babel)             in language  on input line 188.
Package babel Info: Redefining spanish shorthand >>
(babel)             in language  on input line 188.
Package babel Info: Redefining spanish shorthand "=
(babel)             in language  on input line 188.
Package babel Info: Redefining spanish shorthand "~
(babel)             in language  on input line 188.
Package babel Info: Redefining spanish shorthand "!
(babel)             in language  on input line 188.
Package babel Info: Redefining spanish shorthand "?
(babel)             in language  on input line 188.
Package babel Info: Redefining spanish shorthand <<
(babel)             in language  on input line 188.
Package babel Info: Redefining spanish shorthand >>
(babel)             in language  on input line 188.
Package babel Info: Redefining spanish shorthand "=
(babel)             in language  on input line 188.
Package babel Info: Redefining spanish shorthand "~
(babel)             in language  on input line 188.
Package babel Info: Redefining spanish shorthand "!
(babel)             in language  on input line 188.
Package babel Info: Redefining spanish shorthand "?
(babel)             in language  on input line 188.
[7

]
Package babel Info: Redefining spanish shorthand <<
(babel)             in language  on input line 234.
Package babel Info: Redefining spanish shorthand >>
(babel)             in language  on input line 234.
Package babel Info: Redefining spanish shorthand "=
(babel)             in language  on input line 234.
Package babel Info: Redefining spanish shorthand "~
(babel)             in language  on input line 234.
Package babel Info: Redefining spanish shorthand "!
(babel)             in language  on input line 234.
Package babel Info: Redefining spanish shorthand "?
(babel)             in language  on input line 234.
LaTeX Info: Redefining \. on input line 250.
LaTeX Info: Redefining \% on input line 250.
Package babel Info: Redefining spanish shorthand <<
(babel)             in language  on input line 250.
Package babel Info: Redefining spanish shorthand >>
(babel)             in language  on input line 250.
Package babel Info: Redefining spanish shorthand "=
(babel)             in language  on input line 250.
Package babel Info: Redefining spanish shorthand "~
(babel)             in language  on input line 250.
Package babel Info: Redefining spanish shorthand "!
(babel)             in language  on input line 250.
Package babel Info: Redefining spanish shorthand "?
(babel)             in language  on input line 250.
Package babel Info: Redefining spanish shorthand <<
(babel)             in language  on input line 250.
Package babel Info: Redefining spanish shorthand >>
(babel)             in language  on input line 250.
Package babel Info: Redefining spanish shorthand "=
(babel)             in language  on input line 250.
Package babel Info: Redefining spanish shorthand "~
(babel)             in language  on input line 250.
Package babel Info: Redefining spanish shorthand "!
(babel)             in language  on input line 250.
Package babel Info: Redefining spanish shorthand "?
(babel)             in language  on input line 250.
 [8]

LaTeX Warning: Command \' invalid in math mode on input line 263.


LaTeX Warning: Command \' invalid in math mode on input line 267.


LaTeX Warning: Command \' invalid in math mode on input line 275.

LaTeX Info: Redefining \. on input line 329.
LaTeX Info: Redefining \% on input line 329.
Package babel Info: Redefining spanish shorthand <<
(babel)             in language  on input line 329.
Package babel Info: Redefining spanish shorthand >>
(babel)             in language  on input line 329.
Package babel Info: Redefining spanish shorthand "=
(babel)             in language  on input line 329.
Package babel Info: Redefining spanish shorthand "~
(babel)             in language  on input line 329.
Package babel Info: Redefining spanish shorthand "!
(babel)             in language  on input line 329.
Package babel Info: Redefining spanish shorthand "?
(babel)             in language  on input line 329.
Package babel Info: Redefining spanish shorthand <<
(babel)             in language  on input line 329.
Package babel Info: Redefining spanish shorthand >>
(babel)             in language  on input line 329.
Package babel Info: Redefining spanish shorthand "=
(babel)             in language  on input line 329.
Package babel Info: Redefining spanish shorthand "~
(babel)             in language  on input line 329.
Package babel Info: Redefining spanish shorthand "!
(babel)             in language  on input line 329.
Package babel Info: Redefining spanish shorthand "?
(babel)             in language  on input line 329.
[9]
Underfull \hbox (badness 10000) in paragraph at lines 360--365

 []


Underfull \hbox (badness 10000) in paragraph at lines 379--381

 []

LaTeX Info: Redefining \. on input line 381.
LaTeX Info: Redefining \% on input line 381.
Package babel Info: Redefining spanish shorthand <<
(babel)             in language  on input line 381.
Package babel Info: Redefining spanish shorthand >>
(babel)             in language  on input line 381.
Package babel Info: Redefining spanish shorthand "=
(babel)             in language  on input line 381.
Package babel Info: Redefining spanish shorthand "~
(babel)             in language  on input line 381.
Package babel Info: Redefining spanish shorthand "!
(babel)             in language  on input line 381.
Package babel Info: Redefining spanish shorthand "?
(babel)             in language  on input line 381.
Package babel Info: Redefining spanish shorthand <<
(babel)             in language  on input line 381.
Package babel Info: Redefining spanish shorthand >>
(babel)             in language  on input line 381.
Package babel Info: Redefining spanish shorthand "=
(babel)             in language  on input line 381.
Package babel Info: Redefining spanish shorthand "~
(babel)             in language  on input line 381.
Package babel Info: Redefining spanish shorthand "!
(babel)             in language  on input line 381.
Package babel Info: Redefining spanish shorthand "?
(babel)             in language  on input line 381.
[10]
Package babel Info: Redefining spanish shorthand <<
(babel)             in language  on input line 386.
Package babel Info: Redefining spanish shorthand >>
(babel)             in language  on input line 386.
Package babel Info: Redefining spanish shorthand "=
(babel)             in language  on input line 386.
Package babel Info: Redefining spanish shorthand "~
(babel)             in language  on input line 386.
Package babel Info: Redefining spanish shorthand "!
(babel)             in language  on input line 386.
Package babel Info: Redefining spanish shorthand "?
(babel)             in language  on input line 386.

Underfull \hbox (badness 10000) in paragraph at lines 392--394

 []

LaTeX Info: Redefining \. on input line 429.
LaTeX Info: Redefining \% on input line 429.
Package babel Info: Redefining spanish shorthand <<
(babel)             in language  on input line 429.
Package babel Info: Redefining spanish shorthand >>
(babel)             in language  on input line 429.
Package babel Info: Redefining spanish shorthand "=
(babel)             in language  on input line 429.
Package babel Info: Redefining spanish shorthand "~
(babel)             in language  on input line 429.
Package babel Info: Redefining spanish shorthand "!
(babel)             in language  on input line 429.
Package babel Info: Redefining spanish shorthand "?
(babel)             in language  on input line 429.
Package babel Info: Redefining spanish shorthand <<
(babel)             in language  on input line 429.
Package babel Info: Redefining spanish shorthand >>
(babel)             in language  on input line 429.
Package babel Info: Redefining spanish shorthand "=
(babel)             in language  on input line 429.
Package babel Info: Redefining spanish shorthand "~
(babel)             in language  on input line 429.
Package babel Info: Redefining spanish shorthand "!
(babel)             in language  on input line 429.
Package babel Info: Redefining spanish shorthand "?
(babel)             in language  on input line 429.
[11]

LaTeX Warning: Command \' invalid in math mode on input line 460.


Overfull \hbox (0.97423pt too wide) detected at line 476
[] \OT1/lmr/m/n/10 #\OML/lmm/m/it/10 B\OT1/lmr/m/n/10 (\OML/lmm/m/it/10 c; \OT1
/lmr/m/n/10 1) = #\OMS/lmsy/m/n/10 H\OT1/lmr/m/n/10 (\OML/lmm/m/it/10 q; r\OT1/
lmr/m/n/10 )(1 + \OML/lmm/m/it/10 n\OT1/lmr/m/n/10 (\OML/lmm/m/it/10 q \OMS/lms
y/m/n/10   \OT1/lmr/m/n/10 1)) = \OML/lmm/m/it/10 q[]\OT1/lmr/m/n/10 (1 + \OML/
lmm/m/it/10 n\OT1/lmr/m/n/10 (\OML/lmm/m/it/10 q \OMS/lmsy/m/n/10   \OT1/lmr/m/
n/10 1)) = \OML/lmm/m/it/10 q[]\OT1/lmr/m/n/10 (1 + []) = \OML/lmm/m/it/10 q[]\
OT1/lmr/m/n/10 (\OML/lmm/m/it/10 q[]\OT1/lmr/m/n/10 ) = \OML/lmm/m/it/10 q[]
 []

LaTeX Info: Redefining \. on input line 480.
LaTeX Info: Redefining \% on input line 480.
Package babel Info: Redefining spanish shorthand <<
(babel)             in language  on input line 480.
Package babel Info: Redefining spanish shorthand >>
(babel)             in language  on input line 480.
Package babel Info: Redefining spanish shorthand "=
(babel)             in language  on input line 480.
Package babel Info: Redefining spanish shorthand "~
(babel)             in language  on input line 480.
Package babel Info: Redefining spanish shorthand "!
(babel)             in language  on input line 480.
Package babel Info: Redefining spanish shorthand "?
(babel)             in language  on input line 480.
Package babel Info: Redefining spanish shorthand <<
(babel)             in language  on input line 480.
Package babel Info: Redefining spanish shorthand >>
(babel)             in language  on input line 480.
Package babel Info: Redefining spanish shorthand "=
(babel)             in language  on input line 480.
Package babel Info: Redefining spanish shorthand "~
(babel)             in language  on input line 480.
Package babel Info: Redefining spanish shorthand "!
(babel)             in language  on input line 480.
Package babel Info: Redefining spanish shorthand "?
(babel)             in language  on input line 480.
[12]
Package babel Info: Redefining spanish shorthand <<
(babel)             in language  on input line 494.
Package babel Info: Redefining spanish shorthand >>
(babel)             in language  on input line 494.
Package babel Info: Redefining spanish shorthand "=
(babel)             in language  on input line 494.
Package babel Info: Redefining spanish shorthand "~
(babel)             in language  on input line 494.
Package babel Info: Redefining spanish shorthand "!
(babel)             in language  on input line 494.
Package babel Info: Redefining spanish shorthand "?
(babel)             in language  on input line 494.
Package babel Info: Redefining spanish shorthand <<
(babel)             in language  on input line 496.
Package babel Info: Redefining spanish shorthand >>
(babel)             in language  on input line 496.
Package babel Info: Redefining spanish shorthand "=
(babel)             in language  on input line 496.
Package babel Info: Redefining spanish shorthand "~
(babel)             in language  on input line 496.
Package babel Info: Redefining spanish shorthand "!
(babel)             in language  on input line 496.
Package babel Info: Redefining spanish shorthand "?
(babel)             in language  on input line 496.


LaTeX Warning: Command \' invalid in math mode on input line 499.


LaTeX Warning: Command \' invalid in math mode on input line 500.


Overfull \hbox (62.22293pt too wide) detected at line 522
\OMS/lmsy/m/n/10 C[] \OT1/lmr/m/n/10 = \OMS/lmsy/m/n/10 f\OML/lmm/m/it/10 x \OT
1/lmr/m/n/10 = (\OML/lmm/m/it/10 x[]; x[]; x[]; x[]; x[]; x[]\OT1/lmr/m/n/10 ) 
: \OML/lmm/m/it/10 x \OMS/lmsy/m/n/10  \OML/lmm/m/it/10 c[] \OT1/lmr/m/n/10 = 
0\OML/lmm/m/it/10 ; x \OMS/lmsy/m/n/10  \OML/lmm/m/it/10 c[] \OT1/lmr/m/n/10 =
 0\OML/lmm/m/it/10 ; x \OMS/lmsy/m/n/10  \OML/lmm/m/it/10 c[]\OMS/lmsy/m/n/10 
g \OT1/lmr/m/n/10 = \OMS/lmsy/m/n/10 f\OML/lmm/m/it/10 x[] \OT1/lmr/m/n/10 + \O
ML/lmm/m/it/10 x[] \OT1/lmr/m/n/10 + \OML/lmm/m/it/10 x[] \OT1/lmr/m/n/10 = 0\O
ML/lmm/m/it/10 ; x[] \OT1/lmr/m/n/10 + \OML/lmm/m/it/10 x[] \OT1/lmr/m/n/10 + \
OML/lmm/m/it/10 x[] \OT1/lmr/m/n/10 = 0\OML/lmm/m/it/10 ; x[] \OT1/lmr/m/n/10 +
 \OML/lmm/m/it/10 x[] \OT1/lmr/m/n/10 + \OML/lmm/m/it/10 x[] \OT1/lmr/m/n/10 = 
0\OMS/lmsy/m/n/10 g\OML/lmm/m/it/10 ;
 []

LaTeX Info: Redefining \. on input line 555.
LaTeX Info: Redefining \% on input line 555.
Package babel Info: Redefining spanish shorthand <<
(babel)             in language  on input line 555.
Package babel Info: Redefining spanish shorthand >>
(babel)             in language  on input line 555.
Package babel Info: Redefining spanish shorthand "=
(babel)             in language  on input line 555.
Package babel Info: Redefining spanish shorthand "~
(babel)             in language  on input line 555.
Package babel Info: Redefining spanish shorthand "!
(babel)             in language  on input line 555.
Package babel Info: Redefining spanish shorthand "?
(babel)             in language  on input line 555.
Package babel Info: Redefining spanish shorthand <<
(babel)             in language  on input line 555.
Package babel Info: Redefining spanish shorthand >>
(babel)             in language  on input line 555.
Package babel Info: Redefining spanish shorthand "=
(babel)             in language  on input line 555.
Package babel Info: Redefining spanish shorthand "~
(babel)             in language  on input line 555.
Package babel Info: Redefining spanish shorthand "!
(babel)             in language  on input line 555.
Package babel Info: Redefining spanish shorthand "?
(babel)             in language  on input line 555.
[13]
Package babel Info: Redefining spanish shorthand <<
(babel)             in language  on input line 588.
Package babel Info: Redefining spanish shorthand >>
(babel)             in language  on input line 588.
Package babel Info: Redefining spanish shorthand "=
(babel)             in language  on input line 588.
Package babel Info: Redefining spanish shorthand "~
(babel)             in language  on input line 588.
Package babel Info: Redefining spanish shorthand "!
(babel)             in language  on input line 588.
Package babel Info: Redefining spanish shorthand "?
(babel)             in language  on input line 588.
LaTeX Info: Redefining \. on input line 591.
LaTeX Info: Redefining \% on input line 591.
Package babel Info: Redefining spanish shorthand <<
(babel)             in language  on input line 591.
Package babel Info: Redefining spanish shorthand >>
(babel)             in language  on input line 591.
Package babel Info: Redefining spanish shorthand "=
(babel)             in language  on input line 591.
Package babel Info: Redefining spanish shorthand "~
(babel)             in language  on input line 591.
Package babel Info: Redefining spanish shorthand "!
(babel)             in language  on input line 591.
Package babel Info: Redefining spanish shorthand "?
(babel)             in language  on input line 591.
Package babel Info: Redefining spanish shorthand <<
(babel)             in language  on input line 591.
Package babel Info: Redefining spanish shorthand >>
(babel)             in language  on input line 591.
Package babel Info: Redefining spanish shorthand "=
(babel)             in language  on input line 591.
Package babel Info: Redefining spanish shorthand "~
(babel)             in language  on input line 591.
Package babel Info: Redefining spanish shorthand "!
(babel)             in language  on input line 591.
Package babel Info: Redefining spanish shorthand "?
(babel)             in language  on input line 591.
 [14]
Cap\'{\i }tulo 3.
Package babel Info: Redefining spanish shorthand <<
(babel)             in language  on input line 591.
Package babel Info: Redefining spanish shorthand >>
(babel)             in language  on input line 591.
Package babel Info: Redefining spanish shorthand "=
(babel)             in language  on input line 591.
Package babel Info: Redefining spanish shorthand "~
(babel)             in language  on input line 591.
Package babel Info: Redefining spanish shorthand "!
(babel)             in language  on input line 591.
Package babel Info: Redefining spanish shorthand "?
(babel)             in language  on input line 591.
Package babel Info: Redefining spanish shorthand <<
(babel)             in language  on input line 592.
Package babel Info: Redefining spanish shorthand >>
(babel)             in language  on input line 592.
Package babel Info: Redefining spanish shorthand "=
(babel)             in language  on input line 592.
Package babel Info: Redefining spanish shorthand "~
(babel)             in language  on input line 592.
Package babel Info: Redefining spanish shorthand "!
(babel)             in language  on input line 592.
Package babel Info: Redefining spanish shorthand "?
(babel)             in language  on input line 592.
Package babel Info: Redefining spanish shorthand <<
(babel)             in language  on input line 593.
Package babel Info: Redefining spanish shorthand >>
(babel)             in language  on input line 593.
Package babel Info: Redefining spanish shorthand "=
(babel)             in language  on input line 593.
Package babel Info: Redefining spanish shorthand "~
(babel)             in language  on input line 593.
Package babel Info: Redefining spanish shorthand "!
(babel)             in language  on input line 593.
Package babel Info: Redefining spanish shorthand "?
(babel)             in language  on input line 593.
Package babel Info: Redefining spanish shorthand <<
(babel)             in language  on input line 595.
Package babel Info: Redefining spanish shorthand >>
(babel)             in language  on input line 595.
Package babel Info: Redefining spanish shorthand "=
(babel)             in language  on input line 595.
Package babel Info: Redefining spanish shorthand "~
(babel)             in language  on input line 595.
Package babel Info: Redefining spanish shorthand "!
(babel)             in language  on input line 595.
Package babel Info: Redefining spanish shorthand "?
(babel)             in language  on input line 595.
Package babel Info: Redefining spanish shorthand <<
(babel)             in language  on input line 595.
Package babel Info: Redefining spanish shorthand >>
(babel)             in language  on input line 595.
Package babel Info: Redefining spanish shorthand "=
(babel)             in language  on input line 595.
Package babel Info: Redefining spanish shorthand "~
(babel)             in language  on input line 595.
Package babel Info: Redefining spanish shorthand "!
(babel)             in language  on input line 595.
Package babel Info: Redefining spanish shorthand "?
(babel)             in language  on input line 595.
[15

]
LaTeX Info: Redefining \. on input line 595.
LaTeX Info: Redefining \% on input line 595.
Package babel Info: Redefining spanish shorthand <<
(babel)             in language  on input line 595.
Package babel Info: Redefining spanish shorthand >>
(babel)             in language  on input line 595.
Package babel Info: Redefining spanish shorthand "=
(babel)             in language  on input line 595.
Package babel Info: Redefining spanish shorthand "~
(babel)             in language  on input line 595.
Package babel Info: Redefining spanish shorthand "!
(babel)             in language  on input line 595.
Package babel Info: Redefining spanish shorthand "?
(babel)             in language  on input line 595.
Package babel Info: Redefining spanish shorthand <<
(babel)             in language  on input line 595.
Package babel Info: Redefining spanish shorthand >>
(babel)             in language  on input line 595.
Package babel Info: Redefining spanish shorthand "=
(babel)             in language  on input line 595.
Package babel Info: Redefining spanish shorthand "~
(babel)             in language  on input line 595.
Package babel Info: Redefining spanish shorthand "!
(babel)             in language  on input line 595.
Package babel Info: Redefining spanish shorthand "?
(babel)             in language  on input line 595.
 [16

]
Package atveryend Info: Empty hook `BeforeClearDocument' on input line 597.
Package babel Info: Redefining spanish shorthand <<
(babel)             in language  on input line 597.
Package babel Info: Redefining spanish shorthand >>
(babel)             in language  on input line 597.
Package babel Info: Redefining spanish shorthand "=
(babel)             in language  on input line 597.
Package babel Info: Redefining spanish shorthand "~
(babel)             in language  on input line 597.
Package babel Info: Redefining spanish shorthand "!
(babel)             in language  on input line 597.
Package babel Info: Redefining spanish shorthand "?
(babel)             in language  on input line 597.
Package babel Info: Redefining spanish shorthand <<
(babel)             in language  on input line 597.
Package babel Info: Redefining spanish shorthand >>
(babel)             in language  on input line 597.
Package babel Info: Redefining spanish shorthand "=
(babel)             in language  on input line 597.
Package babel Info: Redefining spanish shorthand "~
(babel)             in language  on input line 597.
Package babel Info: Redefining spanish shorthand "!
(babel)             in language  on input line 597.
Package babel Info: Redefining spanish shorthand "?
(babel)             in language  on input line 597.
 [17]
Package atveryend Info: Empty hook `AfterLastShipout' on input line 597.
 (CodigoCriptografia.aux
LaTeX Info: Redefining \. on input line 23.
LaTeX Info: Redefining \% on input line 23.
)
Package atveryend Info: Executing hook `AtVeryEndDocument' on input line 597.
Package atveryend Info: Executing hook `AtEndAfterFileList' on input line 597.
Package rerunfilecheck Info: File `CodigoCriptografia.out' has not changed.
(rerunfilecheck)             Checksum: E98AEF02D1D1F6D0C883F011CB0560CC;837.
Package atveryend Info: Empty hook `AtVeryVeryEnd' on input line 597.
 ) 
Here is how much of TeX's memory you used:
 7927 strings out of 493634
 114294 string characters out of 3132381
 221371 words of memory out of 3000000
 11066 multiletter control sequences out of 15000+200000
 73273 words of font info for 60 fonts, out of 3000000 for 9000
 1025 hyphenation exceptions out of 8191
 41i,11n,32p,368b,512s stack positions out of 5000i,500n,10000p,200000b,50000s
{C:/Users/Jos√© Carlos/AppData/Local/Programs/MiKTeX 2.9/fonts/enc/dvips/lm/l
m-mathit.enc}{C:/Users/Jos√© Carlos/AppData/Local/Programs/MiKTeX 2.9/fonts/enc
/dvips/lm/lm-mathex.enc}{C:/Users/Jos√© Carlos/AppData/Local/Programs/MiKTeX 2.
9/fonts/enc/dvips/lm/lm-rm.enc}{C:/Users/Jos√© Carlos/AppData/Local/Programs/Mi
KTeX 2.9/fonts/enc/dvips/lm/lm-mathsy.enc}{C:/Users/Jos√© Carlos/AppData/Local/
Programs/MiKTeX 2.9/fonts/enc/dvips/lm/lm-ec.enc}<C:/Users/Jos√© Carlos/AppData
/Local/Programs/MiKTeX 2.9/fonts/type1/public/lm/lmbx10.pfb><C:/Users/Jos√© Car
los/AppData/Local/Programs/MiKTeX 2.9/fonts/type1/public/lm/lmbx12.pfb><C:/User
s/Jos√© Carlos/AppData/Local/Programs/MiKTeX 2.9/fonts/type1/public/lm/lmbxi10.
pfb><C:/Users/Jos√© Carlos/AppData/Local/Programs/MiKTeX 2.9/fonts/type1/public
/lm/lmex10.pfb><C:/Users/Jos√© Carlos/AppData/Local/Programs/MiKTeX 2.9/fonts/t
ype1/public/lm/lmmi10.pfb><C:/Users/Jos√© Carlos/AppData/Local/Programs/MiKTeX 
2.9/fonts/type1/public/lm/lmmi5.pfb><C:/Users/Jos√© Carlos/AppData/Local/Progra
ms/MiKTeX 2.9/fonts/type1/public/lm/lmmi7.pfb><C:/Users/Jos√© Carlos/AppData/Lo
cal/Programs/MiKTeX 2.9/fonts/type1/public/lm/lmr10.pfb><C:/Users/Jos√© Carlos/
AppData/Local/Programs/MiKTeX 2.9/fonts/type1/public/lm/lmr12.pfb><C:/Users/Jos
√© Carlos/AppData/Local/Programs/MiKTeX 2.9/fonts/type1/public/lm/lmr17.pfb><C:
/Users/Jos√© Carlos/AppData/Local/Programs/MiKTeX 2.9/fonts/type1/public/lm/lmr
5.pfb><C:/Users/Jos√© Carlos/AppData/Local/Programs/MiKTeX 2.9/fonts/type1/publ
ic/lm/lmr7.pfb><C:/Users/Jos√© Carlos/AppData/Local/Programs/MiKTeX 2.9/fonts/t
ype1/public/lm/lmri10.pfb><C:/Users/Jos√© Carlos/AppData/Local/Programs/MiKTeX 
2.9/fonts/type1/public/lm/lmro10.pfb><C:/Users/Jos√© Carlos/AppData/Local/Progr
ams/MiKTeX 2.9/fonts/type1/public/lm/lmsy10.pfb><C:/Users/Jos√© Carlos/AppData/
Local/Programs/MiKTeX 2.9/fonts/type1/public/lm/lmsy7.pfb><C:/Users/Jos√© Carlo
s/AppData/Local/Programs/MiKTeX 2.9/fonts/type1/public/amsfonts/symbols/msbm10.
pfb><C:/Users/Jos√© Carlos/AppData/Local/Programs/MiKTeX 2.9/fonts/type1/public
/amsfonts/symbols/msbm7.pfb>
Output written on CodigoCriptografia.pdf (17 pages, 360301 bytes).
PDF statistics:
 315 PDF objects out of 1000 (max. 8388607)
 103 named destinations out of 1000 (max. 500000)
 102 words of extra memory for PDF output out of 10000 (max. 10000000)

